Warning: Permanently added '[127.0.0.1]:10022' (ED25519) to the list of known hosts.
WARNING: Logging before InitGoogleLogging() is written to STDERR
I0724 07:56:02.911613  2592 CXL_EBR.h:100] init local EBR metadata, coordinator_id = 0 thread_id = 0
e2e_trace_runner: hard failure: operation failed at line 3: forwarded owner response timed out
E2E_TRACE_FAILURE
node=0
trace=/root/tigon2/ycsb-guest-traces/round1/workloadA/run/worker0.txt
phase=run
line=3
op=GET
key=user5465015992139406178
ops_completed=0
partition=15 owner=3
TIGONKV_MEMORY_STATS
allocator_mode=dual_region
physical_region_split=1
total_pool_capacity_bytes=34359738368
logical_hwcc_capacity_bytes=1073741824
logical_swcc_capacity_bytes=33285996544
logical_hwcc_used_bytes=16854976
owner_private_swcc_used_bytes=127360
shared_payload_swcc_used_bytes=3648
allocator_shared_overhead_bytes=0
allocator_local_dram_bytes=0
unclassified_shared_bytes=0
retired_pending_bytes=0
reclaimed_total_bytes=0
active_shared_rows=3
rss_kb=4900
TIGONKV_RUNTIME_STATS
node=0
logical_ops=1
commits=0
aborts=1
retries=0
private_gets=0
private_puts=0
private_deletes=0
checkpoint_swcc_flushes=0
private_swcc_flushes=0
shared_gets=0
shared_puts=0
shared_deletes=0
shared_swcc_flushes=1
migration_in=1
migration_out=0
network_tx_bytes=2192
network_rx_bytes=1096
TIGONKV_LATENCY_STATS
swcc_raw=0
hwcc_raw=0
swcc_hits=0
hwcc_hits=0
swcc_misses=0
hwcc_misses=0
swcc_hit_ratio=0.000000
hwcc_hit_ratio=0.000000
swcc_delayed_ns=0
hwcc_delayed_ns=0
delayed_ns=0
cache_model=none
cache_hits_enabled=0
