Warning: Permanently added '[127.0.0.1]:10025' (ED25519) to the list of known hosts.
WARNING: Logging before InitGoogleLogging() is written to STDERR
I0724 08:02:23.497412  2588 CXL_EBR.h:100] init local EBR metadata, coordinator_id = 3 thread_id = 0
e2e_trace_runner: hard failure: cannot open trace: /root/tigon2/ycsb-guest-traces/round1/workloadA/load/worker$worker.txt
E2E_TRACE_FAILURE
node=3
trace=/root/tigon2/ycsb-guest-traces/round1/workloadA/load/worker$worker.txt
phase=
line=0
op=
key=
ops_completed=0
partition=3 owner=3
TIGONKV_MEMORY_STATS
allocator_mode=dual_region
physical_region_split=1
total_pool_capacity_bytes=34359738368
logical_hwcc_capacity_bytes=1073741824
logical_swcc_capacity_bytes=33285996544
logical_hwcc_used_bytes=16854592
owner_private_swcc_used_bytes=66560
shared_payload_swcc_used_bytes=0
allocator_shared_overhead_bytes=0
allocator_local_dram_bytes=0
unclassified_shared_bytes=0
retired_pending_bytes=0
reclaimed_total_bytes=0
active_shared_rows=0
rss_kb=5004
TIGONKV_RUNTIME_STATS
node=3
logical_ops=0
commits=0
aborts=0
retries=0
private_gets=0
private_puts=0
private_deletes=0
checkpoint_swcc_flushes=0
private_swcc_flushes=0
shared_gets=0
shared_puts=0
shared_deletes=0
shared_swcc_flushes=0
migration_in=0
migration_out=0
network_tx_bytes=0
network_rx_bytes=0
TIGONKV_LATENCY_STATS
swcc_raw=0
hwcc_raw=0
swcc_hits=0
hwcc_hits=0
swcc_misses=0
hwcc_misses=0
swcc_hit_ratio=0.000000
hwcc_hit_ratio=0.000000
swcc_delayed_ns=0
hwcc_delayed_ns=0
delayed_ns=0
cache_model=none
cache_hits_enabled=0
WARNING: Logging before InitGoogleLogging() is written to STDERR
I0724 08:02:23.524681  2585 CXL_EBR.h:100] init local EBR metadata, coordinator_id = 3 thread_id = 0
e2e_trace_runner: hard failure: cannot open trace: /root/tigon2/ycsb-guest-traces/round1/workloadA/load/worker$worker.txt
E2E_TRACE_FAILURE
node=3
trace=/root/tigon2/ycsb-guest-traces/round1/workloadA/load/worker$worker.txt
phase=
line=0
op=
key=
ops_completed=0
partition=3 owner=3
TIGONKV_MEMORY_STATS
allocator_mode=dual_region
physical_region_split=1
total_pool_capacity_bytes=34359738368
logical_hwcc_capacity_bytes=1073741824
logical_swcc_capacity_bytes=33285996544
logical_hwcc_used_bytes=16854592
owner_private_swcc_used_bytes=66560
shared_payload_swcc_used_bytes=0
allocator_shared_overhead_bytes=0
allocator_local_dram_bytes=0
unclassified_shared_bytes=0
retired_pending_bytes=0
reclaimed_total_bytes=0
active_shared_rows=0
rss_kb=5012
TIGONKV_RUNTIME_STATS
node=3
logical_ops=0
commits=0
aborts=0
retries=0
private_gets=0
private_puts=0
private_deletes=0
checkpoint_swcc_flushes=0
private_swcc_flushes=0
shared_gets=0
shared_puts=0
shared_deletes=0
shared_swcc_flushes=0
migration_in=0
migration_out=0
network_tx_bytes=0
network_rx_bytes=0
TIGONKV_LATENCY_STATS
swcc_raw=0
hwcc_raw=0
swcc_hits=0
hwcc_hits=0
swcc_misses=0
hwcc_misses=0
swcc_hit_ratio=0.000000
hwcc_hit_ratio=0.000000
swcc_delayed_ns=0
hwcc_delayed_ns=0
delayed_ns=0
cache_model=none
cache_hits_enabled=0
WARNING: Logging before InitGoogleLogging() is written to STDERR
I0724 08:02:23.568946  2586 CXL_EBR.h:100] init local EBR metadata, coordinator_id = 3 thread_id = 0
e2e_trace_runner: hard failure: cannot open trace: /root/tigon2/ycsb-guest-traces/round1/workloadA/load/worker$worker.txt
E2E_TRACE_FAILURE
node=3
trace=/root/tigon2/ycsb-guest-traces/round1/workloadA/load/worker$worker.txt
phase=
line=0
op=
key=
ops_completed=0
partition=3 owner=3
TIGONKV_MEMORY_STATS
allocator_mode=dual_region
physical_region_split=1
total_pool_capacity_bytes=34359738368
logical_hwcc_capacity_bytes=1073741824
logical_swcc_capacity_bytes=33285996544
logical_hwcc_used_bytes=16854592
owner_private_swcc_used_bytes=66560
shared_payload_swcc_used_bytes=0
allocator_shared_overhead_bytes=0
allocator_local_dram_bytes=0
unclassified_shared_bytes=0
retired_pending_bytes=0
reclaimed_total_bytes=0
active_shared_rows=0
rss_kb=5044
TIGONKV_RUNTIME_STATS
node=3
logical_ops=0
commits=0
aborts=0
retries=0
private_gets=0
private_puts=0
private_deletes=0
checkpoint_swcc_flushes=0
private_swcc_flushes=0
shared_gets=0
shared_puts=0
shared_deletes=0
shared_swcc_flushes=0
migration_in=0
migration_out=0
network_tx_bytes=0
network_rx_bytes=0
TIGONKV_LATENCY_STATS
swcc_raw=0
hwcc_raw=0
swcc_hits=0
hwcc_hits=0
swcc_misses=0
hwcc_misses=0
swcc_hit_ratio=0.000000
hwcc_hit_ratio=0.000000
swcc_delayed_ns=0
hwcc_delayed_ns=0
delayed_ns=0
cache_model=none
cache_hits_enabled=0
WARNING: Logging before InitGoogleLogging() is written to STDERR
I0724 08:02:23.577131  2587 CXL_EBR.h:100] init local EBR metadata, coordinator_id = 3 thread_id = 0
e2e_trace_runner: hard failure: cannot open trace: /root/tigon2/ycsb-guest-traces/round1/workloadA/load/worker$worker.txt
E2E_TRACE_FAILURE
node=3
trace=/root/tigon2/ycsb-guest-traces/round1/workloadA/load/worker$worker.txt
phase=
line=0
op=
key=
ops_completed=0
partition=3 owner=3
TIGONKV_MEMORY_STATS
allocator_mode=dual_region
physical_region_split=1
total_pool_capacity_bytes=34359738368
logical_hwcc_capacity_bytes=1073741824
logical_swcc_capacity_bytes=33285996544
logical_hwcc_used_bytes=16854592
owner_private_swcc_used_bytes=66560
shared_payload_swcc_used_bytes=0
allocator_shared_overhead_bytes=0
allocator_local_dram_bytes=0
unclassified_shared_bytes=0
retired_pending_bytes=0
reclaimed_total_bytes=0
active_shared_rows=0
rss_kb=5020
TIGONKV_RUNTIME_STATS
node=3
logical_ops=0
commits=0
aborts=0
retries=0
private_gets=0
private_puts=0
private_deletes=0
checkpoint_swcc_flushes=0
private_swcc_flushes=0
shared_gets=0
shared_puts=0
shared_deletes=0
shared_swcc_flushes=0
migration_in=0
migration_out=0
network_tx_bytes=0
network_rx_bytes=0
TIGONKV_LATENCY_STATS
swcc_raw=0
hwcc_raw=0
swcc_hits=0
hwcc_hits=0
swcc_misses=0
hwcc_misses=0
swcc_hit_ratio=0.000000
hwcc_hit_ratio=0.000000
swcc_delayed_ns=0
hwcc_delayed_ns=0
delayed_ns=0
cache_model=none
cache_hits_enabled=0
