Warning: Permanently added '[127.0.0.1]:10024' (ED25519) to the list of known hosts.
WARNING: Logging before InitGoogleLogging() is written to STDERR
I0724 07:51:05.039479  1975 CXL_EBR.h:100] init local EBR metadata, coordinator_id = 2 thread_id = 0
e2e_trace_runner: hard failure: operation failed at line 4: forwarded owner response timed out
E2E_TRACE_FAILURE
node=2
trace=/root/tigon2/ycsb-guest-traces/round1/workloadA/load/worker2.txt
phase=load
line=4
op=PUT
key=user10050214670982340963
ops_completed=1
partition=8 owner=0
TIGONKV_MEMORY_STATS
allocator_mode=dual_region
physical_region_split=1
total_pool_capacity_bytes=34359738368
logical_hwcc_capacity_bytes=1073741824
logical_swcc_capacity_bytes=33285996544
logical_hwcc_used_bytes=16854592
owner_private_swcc_used_bytes=95744
shared_payload_swcc_used_bytes=0
allocator_shared_overhead_bytes=0
allocator_local_dram_bytes=0
unclassified_shared_bytes=0
retired_pending_bytes=0
reclaimed_total_bytes=0
active_shared_rows=0
rss_kb=5048
TIGONKV_RUNTIME_STATS
node=2
logical_ops=2
commits=1
aborts=1
retries=0
private_gets=0
private_puts=1
private_deletes=0
checkpoint_swcc_flushes=0
private_swcc_flushes=0
shared_gets=0
shared_puts=0
shared_deletes=0
shared_swcc_flushes=0
migration_in=0
migration_out=0
network_tx_bytes=4384
network_rx_bytes=3288
TIGONKV_LATENCY_STATS
swcc_raw=0
hwcc_raw=0
swcc_hits=0
hwcc_hits=0
swcc_misses=0
hwcc_misses=0
swcc_hit_ratio=0.000000
hwcc_hit_ratio=0.000000
swcc_delayed_ns=0
hwcc_delayed_ns=0
delayed_ns=0
cache_model=none
cache_hits_enabled=0
